[[1;34mINFO[m] Scanning for projects...
[[1;33mWARNING[m] The project junit:junit:jar:4.13.3-SNAPSHOT uses prerequisites which is only intended for maven-plugin projects but not for non maven-plugin projects. For such purposes you should use the maven-enforcer-plugin. See https://maven.apache.org/enforcer/enforcer-rules/requireMavenVersion.html
[[1;34mINFO[m] 
[[1;34mINFO[m] [1m----------------------------< [0;36mjunit:junit[0;1m >-----------------------------[m
[[1;34mINFO[m] [1mBuilding JUnit 4.13.3-SNAPSHOT[m
[[1;34mINFO[m] [1m--------------------------------[ jar ]---------------------------------[m
[[1;34mINFO[m] 
[[1;34mINFO[m] [1m--- [0;32mmaven-enforcer-plugin:1.4:enforce[m [1m(enforce-versions)[m @ [36mjunit[0;1m ---[m
[[1;34mINFO[m] 
[[1;34mINFO[m] [1m--- [0;32mreplacer:1.5.3:replace[m [1m(default)[m @ [36mjunit[0;1m ---[m
[[1;34mINFO[m] Replacement run on 1 file.
[[1;34mINFO[m] 
[[1;34mINFO[m] [1m--- [0;32mmaven-resources-plugin:2.7:resources[m [1m(default-resources)[m @ [36mjunit[0;1m ---[m
[[1;34mINFO[m] Using 'ISO-8859-1' encoding to copy filtered resources.
[[1;34mINFO[m] Copying 2 resources
[[1;34mINFO[m] Copying 1 resource
[[1;34mINFO[m] 
[[1;34mINFO[m] [1m--- [0;32mmaven-compiler-plugin:3.3:compile[m [1m(default-compile)[m @ [36mjunit[0;1m ---[m
[[1;34mINFO[m] Changes detected - recompiling the module!
[[1;34mINFO[m] Compiling 219 source files to /Users/jeancarlorspaul/IdeaProjects/junit4/target/classes
[[1;34mINFO[m] -------------------------------------------------------------
[[1;33mWARNING[m] COMPILATION WARNING : 
[[1;34mINFO[m] -------------------------------------------------------------
[[1;33mWARNING[m] /Users/jeancarlorspaul/IdeaProjects/junit4/src/main/java/junit/extensions/TestDecorator.java:[3,22] [deprecation] Assert in junit.framework has been deprecated
[[1;33mWARNING[m] /Users/jeancarlorspaul/IdeaProjects/junit4/src/main/java/org/junit/validator/AnnotationValidatorFactory.java:[31,59] [deprecation] newInstance() in Class has been deprecated
[[1;33mWARNING[m]   where T is a type-variable:
    T extends Object declared in class Class
/Users/jeancarlorspaul/IdeaProjects/junit4/src/main/java/org/junit/experimental/theories/internal/Assignments.java:[122,18] [deprecation] newInstance() in Class has been deprecated
[[1;33mWARNING[m]   symbol:   variable fNotifier
  location: class EachTestNotifier
/Users/jeancarlorspaul/IdeaProjects/junit4/src/main/java/org/junit/runners/Parameterized.java:[406,35] [deprecation] newInstance() in Class has been deprecated
[[1;33mWARNING[m]   where T is a type-variable:
    T extends Object declared in class Class
/Users/jeancarlorspaul/IdeaProjects/junit4/src/main/java/org/junit/runners/parameterized/BlockJUnit4ClassRunnerWithParameters.java:[69,64] [deprecation] newInstance() in Class has been deprecated
[[1;34mINFO[m] 5 warnings 
[[1;34mINFO[m] -------------------------------------------------------------
[[1;34mINFO[m] -------------------------------------------------------------
[[1;31mERROR[m] COMPILATION ERROR : 
[[1;34mINFO[m] -------------------------------------------------------------
[[1;31mERROR[m] To suppress warnings about obsolete options, use -Xlint:-options.
/Users/jeancarlorspaul/IdeaProjects/junit4/src/main/java/org/junit/internal/runners/model/EachTestNotifier.java:[28,16] error: method addFailure(Throwable) is already defined in class EachTestNotifier
[[1;31mERROR[m]   where T is a type-variable:
    T extends Object declared in class Class
/Users/jeancarlorspaul/IdeaProjects/junit4/src/main/java/org/junit/internal/runners/model/EachTestNotifier.java:[22,12] error: cannot find symbol
[[1;31mERROR[m]   symbol:   method addMultipleFailureException(MultipleFailureException)
  location: class EachTestNotifier
/Users/jeancarlorspaul/IdeaProjects/junit4/src/main/java/org/junit/internal/runners/model/EachTestNotifier.java:[33,46] error: cannot find symbol
[[1;31mERROR[m]   symbol:   variable fDescription
  location: class EachTestNotifier
/Users/jeancarlorspaul/IdeaProjects/junit4/src/main/java/org/junit/internal/runners/model/EachTestNotifier.java:[33,8] error: cannot find symbol
[[1;34mINFO[m] 4 errors 
[[1;34mINFO[m] -------------------------------------------------------------
[[1;34mINFO[m] [1m------------------------------------------------------------------------[m
[[1;34mINFO[m] [1;31mBUILD FAILURE[m
[[1;34mINFO[m] [1m------------------------------------------------------------------------[m
[[1;34mINFO[m] Total time:  0.973 s
[[1;34mINFO[m] Finished at: 2025-07-06T12:38:28-04:00
[[1;34mINFO[m] [1m------------------------------------------------------------------------[m
[[1;31mERROR[m] Failed to execute goal [32morg.apache.maven.plugins:maven-compiler-plugin:3.3:compile[m [1m(default-compile)[m on project [36mjunit[m: [1;31mCompilation failure[m: Compilation failure: 
[[1;31mERROR[m] To suppress warnings about obsolete options, use -Xlint:-options.
[[1;31mERROR[m] /Users/jeancarlorspaul/IdeaProjects/junit4/src/main/java/org/junit/internal/runners/model/EachTestNotifier.java:[28,16] error: method addFailure(Throwable) is already defined in class EachTestNotifier
[[1;31mERROR[m]   where T is a type-variable:
[[1;31mERROR[m]     T extends Object declared in class Class
[[1;31mERROR[m] /Users/jeancarlorspaul/IdeaProjects/junit4/src/main/java/org/junit/internal/runners/model/EachTestNotifier.java:[22,12] error: cannot find symbol
[[1;31mERROR[m]   symbol:   method addMultipleFailureException(MultipleFailureException)
[[1;31mERROR[m]   location: class EachTestNotifier
[[1;31mERROR[m] /Users/jeancarlorspaul/IdeaProjects/junit4/src/main/java/org/junit/internal/runners/model/EachTestNotifier.java:[33,46] error: cannot find symbol
[[1;31mERROR[m]   symbol:   variable fDescription
[[1;31mERROR[m]   location: class EachTestNotifier
[[1;31mERROR[m] /Users/jeancarlorspaul/IdeaProjects/junit4/src/main/java/org/junit/internal/runners/model/EachTestNotifier.java:[33,8] error: cannot find symbol
[[1;31mERROR[m] -> [1m[Help 1][m
[[1;31mERROR[m] 
[[1;31mERROR[m] To see the full stack trace of the errors, re-run Maven with the [1m-e[m switch.
[[1;31mERROR[m] Re-run Maven using the [1m-X[m switch to enable full debug logging.
[[1;31mERROR[m] 
[[1;31mERROR[m] For more information about the errors and possible solutions, please read the following articles:
[[1;31mERROR[m] [1m[Help 1][m http://cwiki.apache.org/confluence/display/MAVEN/MojoFailureException
