[[1;34mINFO[m] Scanning for projects...
[[1;34mINFO[m] [1m------------------------------------------------------------------------[m
[[1;34mINFO[m] [1mReactor Build Order:[m
[[1;34mINFO[m] 
[[1;34mINFO[m] ANTLR 4                                                            [pom]
[[1;34mINFO[m] ANTLR 4 Runtime                                                    [jar]
[[1;34mINFO[m] ANTLR 4 Tool                                                       [jar]
[[1;34mINFO[m] ANTLR 4 Maven plugin                                      [maven-plugin]
[[1;34mINFO[m] 
[[1;34mINFO[m] [1m----------------------< [0;36morg.antlr:antlr4-master[0;1m >-----------------------[m
[[1;34mINFO[m] [1mBuilding ANTLR 4 4.1-SNAPSHOT                                      [1/4][m
[[1;34mINFO[m] [1m--------------------------------[ pom ]---------------------------------[m
[[1;34mINFO[m] 
[[1;34mINFO[m] [1m--- [0;32mmaven-enforcer-plugin:1.0:enforce[m [1m(enforce-maven)[m @ [36mantlr4-master[0;1m ---[m
[[1;34mINFO[m] 
[[1;34mINFO[m] [1m----------------------< [0;36morg.antlr:antlr4-runtime[0;1m >----------------------[m
[[1;34mINFO[m] [1mBuilding ANTLR 4 Runtime 4.1-SNAPSHOT                              [2/4][m
[[1;34mINFO[m] [1m--------------------------------[ jar ]---------------------------------[m
[[1;34mINFO[m] 
[[1;34mINFO[m] [1m--- [0;32mmaven-enforcer-plugin:1.0:enforce[m [1m(enforce-maven)[m @ [36mantlr4-runtime[0;1m ---[m
[[1;34mINFO[m] 
[[1;34mINFO[m] [1m--- [0;32mmaven-resources-plugin:2.6:resources[m [1m(default-resources)[m @ [36mantlr4-runtime[0;1m ---[m
[[1;34mINFO[m] Using 'UTF-8' encoding to copy filtered resources.
[[1;34mINFO[m] skip non existing resourceDirectory /Users/jeancarlorspaul/IdeaProjects/antlr4/runtime/Java/src/main/resources
[[1;34mINFO[m] 
[[1;34mINFO[m] [1m--- [0;32mmaven-compiler-plugin:3.1:compile[m [1m(default-compile)[m @ [36mantlr4-runtime[0;1m ---[m
[[1;34mINFO[m] Changes detected - recompiling the module!
[[1;34mINFO[m] Compiling 125 source files to /Users/jeancarlorspaul/IdeaProjects/antlr4/runtime/Java/target/classes
[[1;34mINFO[m] -------------------------------------------------------------
[[1;33mWARNING[m] COMPILATION WARNING : 
[[1;34mINFO[m] -------------------------------------------------------------
[[1;33mWARNING[m] bootstrap class path not set in conjunction with -source 6
[[1;33mWARNING[m] source value 6 is obsolete and will be removed in a future release
[[1;33mWARNING[m] target value 1.6 is obsolete and will be removed in a future release
[[1;33mWARNING[m] To suppress warnings about obsolete options, use -Xlint:-options.
[[1;33mWARNING[m] /Users/jeancarlorspaul/IdeaProjects/antlr4/runtime/Java/src/org/antlr/v4/runtime/misc/Interval.java:[33,8] Class org.antlr.v4.runtime.misc.Interval overrides equals, but neither it nor any superclass overrides hashCode method
[[1;33mWARNING[m] /Users/jeancarlorspaul/IdeaProjects/antlr4/runtime/Java/src/org/antlr/v4/runtime/atn/ATNSimulator.java:[409,56] redundant cast to org.antlr.v4.runtime.atn.RuleStartState
[[1;34mINFO[m] 6 warnings 
[[1;34mINFO[m] -------------------------------------------------------------
[[1;34mINFO[m] -------------------------------------------------------------
[[1;31mERROR[m] COMPILATION ERROR : 
[[1;34mINFO[m] -------------------------------------------------------------
[[1;31mERROR[m] /Users/jeancarlorspaul/IdeaProjects/antlr4/runtime/Java/src/org/antlr/v4/runtime/atn/ATNSimulator.java:[255,32] cannot find symbol
  symbol:   method edgeFactory(org.antlr.v4.runtime.atn.ATN,int,int,int,int,int,int,java.util.List<org.antlr.v4.runtime.misc.IntervalSet>)
  location: class org.antlr.v4.runtime.atn.ATNSimulator
[[1;31mERROR[m] /Users/jeancarlorspaul/IdeaProjects/antlr4/runtime/Java/src/org/antlr/v4/runtime/atn/ATNSimulator.java:[398,42] cannot find symbol
  symbol:   variable trg
  location: class org.antlr.v4.runtime.atn.ATNSimulator
[[1;31mERROR[m] /Users/jeancarlorspaul/IdeaProjects/antlr4/runtime/Java/src/org/antlr/v4/runtime/atn/ATNSimulator.java:[399,16] cannot find symbol
  symbol:   variable type
  location: class org.antlr.v4.runtime.atn.ATNSimulator
[[1;31mERROR[m] /Users/jeancarlorspaul/IdeaProjects/antlr4/runtime/Java/src/org/antlr/v4/runtime/atn/ATNSimulator.java:[399,15] illegal parenthesized expression
[[1;31mERROR[m] /Users/jeancarlorspaul/IdeaProjects/antlr4/runtime/Java/src/org/antlr/v4/runtime/atn/ATNSimulator.java:[403,21] cannot find symbol
  symbol:   variable arg3
  location: class org.antlr.v4.runtime.atn.ATNSimulator
[[1;31mERROR[m] /Users/jeancarlorspaul/IdeaProjects/antlr4/runtime/Java/src/org/antlr/v4/runtime/atn/ATNSimulator.java:[404,67] cannot find symbol
  symbol:   variable arg2
  location: class org.antlr.v4.runtime.atn.ATNSimulator
[[1;31mERROR[m] /Users/jeancarlorspaul/IdeaProjects/antlr4/runtime/Java/src/org/antlr/v4/runtime/atn/ATNSimulator.java:[406,56] cannot find symbol
  symbol:   variable arg1
  location: class org.antlr.v4.runtime.atn.ATNSimulator
[[1;31mERROR[m] /Users/jeancarlorspaul/IdeaProjects/antlr4/runtime/Java/src/org/antlr/v4/runtime/atn/ATNSimulator.java:[406,62] cannot find symbol
  symbol:   variable arg2
  location: class org.antlr.v4.runtime.atn.ATNSimulator
[[1;31mERROR[m] /Users/jeancarlorspaul/IdeaProjects/antlr4/runtime/Java/src/org/antlr/v4/runtime/atn/ATNSimulator.java:[409,88] cannot find symbol
  symbol:   variable arg1
  location: class org.antlr.v4.runtime.atn.ATNSimulator
[[1;31mERROR[m] /Users/jeancarlorspaul/IdeaProjects/antlr4/runtime/Java/src/org/antlr/v4/runtime/atn/ATNSimulator.java:[409,95] cannot find symbol
  symbol:   variable arg2
  location: class org.antlr.v4.runtime.atn.ATNSimulator
[[1;31mERROR[m] /Users/jeancarlorspaul/IdeaProjects/antlr4/runtime/Java/src/org/antlr/v4/runtime/atn/ATNSimulator.java:[412,74] cannot find symbol
  symbol:   variable arg1
  location: class org.antlr.v4.runtime.atn.ATNSimulator
[[1;31mERROR[m] /Users/jeancarlorspaul/IdeaProjects/antlr4/runtime/Java/src/org/antlr/v4/runtime/atn/ATNSimulator.java:[412,80] cannot find symbol
  symbol:   variable arg2
  location: class org.antlr.v4.runtime.atn.ATNSimulator
[[1;31mERROR[m] /Users/jeancarlorspaul/IdeaProjects/antlr4/runtime/Java/src/org/antlr/v4/runtime/atn/ATNSimulator.java:[412,86] cannot find symbol
  symbol:   variable arg3
  location: class org.antlr.v4.runtime.atn.ATNSimulator
[[1;31mERROR[m] /Users/jeancarlorspaul/IdeaProjects/antlr4/runtime/Java/src/org/antlr/v4/runtime/atn/ATNSimulator.java:[415,21] cannot find symbol
  symbol:   variable arg3
  location: class org.antlr.v4.runtime.atn.ATNSimulator
[[1;31mERROR[m] /Users/jeancarlorspaul/IdeaProjects/antlr4/runtime/Java/src/org/antlr/v4/runtime/atn/ATNSimulator.java:[418,55] cannot find symbol
  symbol:   variable arg1
  location: class org.antlr.v4.runtime.atn.ATNSimulator
[[1;31mERROR[m] /Users/jeancarlorspaul/IdeaProjects/antlr4/runtime/Java/src/org/antlr/v4/runtime/atn/ATNSimulator.java:[421,67] cannot find symbol
  symbol:   variable arg1
  location: class org.antlr.v4.runtime.atn.ATNSimulator
[[1;31mERROR[m] /Users/jeancarlorspaul/IdeaProjects/antlr4/runtime/Java/src/org/antlr/v4/runtime/atn/ATNSimulator.java:[421,73] cannot find symbol
  symbol:   variable arg2
  location: class org.antlr.v4.runtime.atn.ATNSimulator
[[1;31mERROR[m] /Users/jeancarlorspaul/IdeaProjects/antlr4/runtime/Java/src/org/antlr/v4/runtime/atn/ATNSimulator.java:[421,79] cannot find symbol
  symbol:   variable arg3
  location: class org.antlr.v4.runtime.atn.ATNSimulator
[[1;31mERROR[m] /Users/jeancarlorspaul/IdeaProjects/antlr4/runtime/Java/src/org/antlr/v4/runtime/atn/ATNSimulator.java:[424,59] cannot find symbol
  symbol:   variable arg1
  location: class org.antlr.v4.runtime.atn.ATNSimulator
[[1;31mERROR[m] /Users/jeancarlorspaul/IdeaProjects/antlr4/runtime/Java/src/org/antlr/v4/runtime/atn/ATNSimulator.java:[424,50] cannot find symbol
  symbol:   variable sets
  location: class org.antlr.v4.runtime.atn.ATNSimulator
[[1;31mERROR[m] /Users/jeancarlorspaul/IdeaProjects/antlr4/runtime/Java/src/org/antlr/v4/runtime/atn/ATNSimulator.java:[426,62] cannot find symbol
  symbol:   variable arg1
  location: class org.antlr.v4.runtime.atn.ATNSimulator
[[1;31mERROR[m] /Users/jeancarlorspaul/IdeaProjects/antlr4/runtime/Java/src/org/antlr/v4/runtime/atn/ATNSimulator.java:[426,53] cannot find symbol
  symbol:   variable sets
  location: class org.antlr.v4.runtime.atn.ATNSimulator
[[1;34mINFO[m] 22 errors 
[[1;34mINFO[m] -------------------------------------------------------------
[[1;34mINFO[m] [1m------------------------------------------------------------------------[m
[[1;34mINFO[m] [1mReactor Summary for ANTLR 4 4.1-SNAPSHOT:[m
[[1;34mINFO[m] 
[[1;34mINFO[m] ANTLR 4 ............................................ [1;32mSUCCESS[m [  0.088 s]
[[1;34mINFO[m] ANTLR 4 Runtime .................................... [1;31mFAILURE[m [  0.658 s]
[[1;34mINFO[m] ANTLR 4 Tool ....................................... [1;33mSKIPPED[m
[[1;34mINFO[m] ANTLR 4 Maven plugin ............................... [1;33mSKIPPED[m
[[1;34mINFO[m] [1m------------------------------------------------------------------------[m
[[1;34mINFO[m] [1;31mBUILD FAILURE[m
[[1;34mINFO[m] [1m------------------------------------------------------------------------[m
[[1;34mINFO[m] Total time:  0.789 s
[[1;34mINFO[m] Finished at: 2025-07-06T16:15:09-04:00
[[1;34mINFO[m] [1m------------------------------------------------------------------------[m
[[1;31mERROR[m] Failed to execute goal [32morg.apache.maven.plugins:maven-compiler-plugin:3.1:compile[m [1m(default-compile)[m on project [36mantlr4-runtime[m: [1;31mCompilation failure[m: Compilation failure: 
[[1;31mERROR[m] /Users/jeancarlorspaul/IdeaProjects/antlr4/runtime/Java/src/org/antlr/v4/runtime/atn/ATNSimulator.java:[255,32] cannot find symbol
[[1;31mERROR[m]   symbol:   method edgeFactory(org.antlr.v4.runtime.atn.ATN,int,int,int,int,int,int,java.util.List<org.antlr.v4.runtime.misc.IntervalSet>)
[[1;31mERROR[m]   location: class org.antlr.v4.runtime.atn.ATNSimulator
[[1;31mERROR[m] /Users/jeancarlorspaul/IdeaProjects/antlr4/runtime/Java/src/org/antlr/v4/runtime/atn/ATNSimulator.java:[398,42] cannot find symbol
[[1;31mERROR[m]   symbol:   variable trg
[[1;31mERROR[m]   location: class org.antlr.v4.runtime.atn.ATNSimulator
[[1;31mERROR[m] /Users/jeancarlorspaul/IdeaProjects/antlr4/runtime/Java/src/org/antlr/v4/runtime/atn/ATNSimulator.java:[399,16] cannot find symbol
[[1;31mERROR[m]   symbol:   variable type
[[1;31mERROR[m]   location: class org.antlr.v4.runtime.atn.ATNSimulator
[[1;31mERROR[m] /Users/jeancarlorspaul/IdeaProjects/antlr4/runtime/Java/src/org/antlr/v4/runtime/atn/ATNSimulator.java:[399,15] illegal parenthesized expression
[[1;31mERROR[m] /Users/jeancarlorspaul/IdeaProjects/antlr4/runtime/Java/src/org/antlr/v4/runtime/atn/ATNSimulator.java:[403,21] cannot find symbol
[[1;31mERROR[m]   symbol:   variable arg3
[[1;31mERROR[m]   location: class org.antlr.v4.runtime.atn.ATNSimulator
[[1;31mERROR[m] /Users/jeancarlorspaul/IdeaProjects/antlr4/runtime/Java/src/org/antlr/v4/runtime/atn/ATNSimulator.java:[404,67] cannot find symbol
[[1;31mERROR[m]   symbol:   variable arg2
[[1;31mERROR[m]   location: class org.antlr.v4.runtime.atn.ATNSimulator
[[1;31mERROR[m] /Users/jeancarlorspaul/IdeaProjects/antlr4/runtime/Java/src/org/antlr/v4/runtime/atn/ATNSimulator.java:[406,56] cannot find symbol
[[1;31mERROR[m]   symbol:   variable arg1
[[1;31mERROR[m]   location: class org.antlr.v4.runtime.atn.ATNSimulator
[[1;31mERROR[m] /Users/jeancarlorspaul/IdeaProjects/antlr4/runtime/Java/src/org/antlr/v4/runtime/atn/ATNSimulator.java:[406,62] cannot find symbol
[[1;31mERROR[m]   symbol:   variable arg2
[[1;31mERROR[m]   location: class org.antlr.v4.runtime.atn.ATNSimulator
[[1;31mERROR[m] /Users/jeancarlorspaul/IdeaProjects/antlr4/runtime/Java/src/org/antlr/v4/runtime/atn/ATNSimulator.java:[409,88] cannot find symbol
[[1;31mERROR[m]   symbol:   variable arg1
[[1;31mERROR[m]   location: class org.antlr.v4.runtime.atn.ATNSimulator
[[1;31mERROR[m] /Users/jeancarlorspaul/IdeaProjects/antlr4/runtime/Java/src/org/antlr/v4/runtime/atn/ATNSimulator.java:[409,95] cannot find symbol
[[1;31mERROR[m]   symbol:   variable arg2
[[1;31mERROR[m]   location: class org.antlr.v4.runtime.atn.ATNSimulator
[[1;31mERROR[m] /Users/jeancarlorspaul/IdeaProjects/antlr4/runtime/Java/src/org/antlr/v4/runtime/atn/ATNSimulator.java:[412,74] cannot find symbol
[[1;31mERROR[m]   symbol:   variable arg1
[[1;31mERROR[m]   location: class org.antlr.v4.runtime.atn.ATNSimulator
[[1;31mERROR[m] /Users/jeancarlorspaul/IdeaProjects/antlr4/runtime/Java/src/org/antlr/v4/runtime/atn/ATNSimulator.java:[412,80] cannot find symbol
[[1;31mERROR[m]   symbol:   variable arg2
[[1;31mERROR[m]   location: class org.antlr.v4.runtime.atn.ATNSimulator
[[1;31mERROR[m] /Users/jeancarlorspaul/IdeaProjects/antlr4/runtime/Java/src/org/antlr/v4/runtime/atn/ATNSimulator.java:[412,86] cannot find symbol
[[1;31mERROR[m]   symbol:   variable arg3
[[1;31mERROR[m]   location: class org.antlr.v4.runtime.atn.ATNSimulator
[[1;31mERROR[m] /Users/jeancarlorspaul/IdeaProjects/antlr4/runtime/Java/src/org/antlr/v4/runtime/atn/ATNSimulator.java:[415,21] cannot find symbol
[[1;31mERROR[m]   symbol:   variable arg3
[[1;31mERROR[m]   location: class org.antlr.v4.runtime.atn.ATNSimulator
[[1;31mERROR[m] /Users/jeancarlorspaul/IdeaProjects/antlr4/runtime/Java/src/org/antlr/v4/runtime/atn/ATNSimulator.java:[418,55] cannot find symbol
[[1;31mERROR[m]   symbol:   variable arg1
[[1;31mERROR[m]   location: class org.antlr.v4.runtime.atn.ATNSimulator
[[1;31mERROR[m] /Users/jeancarlorspaul/IdeaProjects/antlr4/runtime/Java/src/org/antlr/v4/runtime/atn/ATNSimulator.java:[421,67] cannot find symbol
[[1;31mERROR[m]   symbol:   variable arg1
[[1;31mERROR[m]   location: class org.antlr.v4.runtime.atn.ATNSimulator
[[1;31mERROR[m] /Users/jeancarlorspaul/IdeaProjects/antlr4/runtime/Java/src/org/antlr/v4/runtime/atn/ATNSimulator.java:[421,73] cannot find symbol
[[1;31mERROR[m]   symbol:   variable arg2
[[1;31mERROR[m]   location: class org.antlr.v4.runtime.atn.ATNSimulator
[[1;31mERROR[m] /Users/jeancarlorspaul/IdeaProjects/antlr4/runtime/Java/src/org/antlr/v4/runtime/atn/ATNSimulator.java:[421,79] cannot find symbol
[[1;31mERROR[m]   symbol:   variable arg3
[[1;31mERROR[m]   location: class org.antlr.v4.runtime.atn.ATNSimulator
[[1;31mERROR[m] /Users/jeancarlorspaul/IdeaProjects/antlr4/runtime/Java/src/org/antlr/v4/runtime/atn/ATNSimulator.java:[424,59] cannot find symbol
[[1;31mERROR[m]   symbol:   variable arg1
[[1;31mERROR[m]   location: class org.antlr.v4.runtime.atn.ATNSimulator
[[1;31mERROR[m] /Users/jeancarlorspaul/IdeaProjects/antlr4/runtime/Java/src/org/antlr/v4/runtime/atn/ATNSimulator.java:[424,50] cannot find symbol
[[1;31mERROR[m]   symbol:   variable sets
[[1;31mERROR[m]   location: class org.antlr.v4.runtime.atn.ATNSimulator
[[1;31mERROR[m] /Users/jeancarlorspaul/IdeaProjects/antlr4/runtime/Java/src/org/antlr/v4/runtime/atn/ATNSimulator.java:[426,62] cannot find symbol
[[1;31mERROR[m]   symbol:   variable arg1
[[1;31mERROR[m]   location: class org.antlr.v4.runtime.atn.ATNSimulator
[[1;31mERROR[m] /Users/jeancarlorspaul/IdeaProjects/antlr4/runtime/Java/src/org/antlr/v4/runtime/atn/ATNSimulator.java:[426,53] cannot find symbol
[[1;31mERROR[m]   symbol:   variable sets
[[1;31mERROR[m]   location: class org.antlr.v4.runtime.atn.ATNSimulator
[[1;31mERROR[m] -> [1m[Help 1][m
[[1;31mERROR[m] 
[[1;31mERROR[m] To see the full stack trace of the errors, re-run Maven with the [1m-e[m switch.
[[1;31mERROR[m] Re-run Maven using the [1m-X[m switch to enable full debug logging.
[[1;31mERROR[m] 
[[1;31mERROR[m] For more information about the errors and possible solutions, please read the following articles:
[[1;31mERROR[m] [1m[Help 1][m http://cwiki.apache.org/confluence/display/MAVEN/MojoFailureException
[[1;31mERROR[m] 
[[1;31mERROR[m] After correcting the problems, you can resume the build with the command
[[1;31mERROR[m]   [1mmvn <args> -rf :antlr4-runtime[m
